Compiling 27 files with Solc 0.8.25
Solc 0.8.25 finished in 4.54s
Compiler run successful!
Analysing contracts...
Running tests...

Ran 27 tests for test/MultiSig.t.sol:MultiSigTest
[PASS] test_confirmSignerRequest() (gas: 142688)
[PASS] test_confirmTransaction() (gas: 191717)
[PASS] test_confirmTransaction_failed_alreadyConfirmed() (gas: 156489)
[PASS] test_confirmTransaction_failed_notASigner() (gas: 157899)
[PASS] test_confirmTransaction_failed_txAlreadyExecuted() (gas: 277685)
[PASS] test_confirmTransaction_failed_txNotExist() (gas: 16348)
[PASS] test_constructor_failed_DuplicateSigner() (gas: 117250)
[PASS] test_constructor_failed_InvalidNumConfirmationsRequired() (gas: 49240)
[PASS] test_constructor_failed_InvalidSigner() (gas: 50001)
[PASS] test_constructor_failed_SignersRequired() (gas: 46768)
[PASS] test_executeRevokeSignerRequest() (gas: 161685)
[PASS] test_executeSignerRequest() (gas: 236709)
[PASS] test_executeTransaction() (gas: 278673)
[PASS] test_executeTransaction_failed() (gas: 251496)
[PASS] test_getSigners() (gas: 26151)
[PASS] test_getTransactionCount() (gas: 395480)
[PASS] test_revokeConfirmation() (gas: 127923)
[PASS] test_revokeConfirmation_TxNotConfirmed() (gas: 162655)
[PASS] test_revokeConfirmation_failed_notASigner() (gas: 159083)
[PASS] test_revokeConfirmation_failed_txAlreadyExecuted() (gas: 275786)
[PASS] test_revokeConfirmation_failed_txNotExist() (gas: 16383)
[PASS] test_submitAddSignerRequest() (gas: 113412)
[PASS] test_submitAddSignerRequest_failed_notASigner() (gas: 12753)
[PASS] test_submitSignerRequest_failed_AlreadyASigner() (gas: 15529)
[PASS] test_submitSignerRequest_failed_InvalidAddress() (gas: 13103)
[PASS] test_submitTransaction() (gas: 163485)
[PASS] test_submitTransaction_failed_notASigner() (gas: 13848)
Suite result: ok. 27 passed; 0 failed; 0 skipped; finished in 12.80ms (11.85ms CPU time)

Ran 1 test suite in 249.50ms (12.80ms CPU time): 27 tests passed, 0 failed, 0 skipped (27 total tests)
Uncovered for script/MultiSig.s.sol:
- Line (location: source ID 24, lines 10..11, bytes 236..262, hits: 0)
- Function "setUp" (location: source ID 24, lines 10..11, bytes 236..262, hits: 0)
- Line (location: source ID 24, lines 12..19, bytes 268..394, hits: 0)
- Function "run" (location: source ID 24, lines 12..19, bytes 268..394, hits: 0)
- Line (location: source ID 24, lines 13..14, bytes 300..319, hits: 0)
- Statement (location: source ID 24, lines 13..14, bytes 300..319, hits: 0)
- Line (location: source ID 24, lines 17..18, bytes 369..387, hits: 0)
- Statement (location: source ID 24, lines 17..18, bytes 369..387, hits: 0)

Uncovered for src/MultiSig.sol:
- Statement (location: source ID 25, lines 256..257, bytes 7451..7463, hits: 0)
- Branch (branch: 14, path: 0) (location: source ID 25, lines 256..259, bytes 7465..7530, hits: 0)
- Line (location: source ID 25, lines 257..258, bytes 7483..7515, hits: 0)
- Statement (location: source ID 25, lines 257..258, bytes 7483..7515, hits: 0)
- Branch (branch: 15, path: 0) (location: source ID 25, lines 259..262, bytes 7568..7659, hits: 0)
- Line (location: source ID 25, lines 260..261, bytes 7586..7644, hits: 0)
- Statement (location: source ID 25, lines 260..261, bytes 7586..7644, hits: 0)
- Branch (branch: 16, path: 0) (location: source ID 25, lines 276..279, bytes 8120..8201, hits: 0)
- Line (location: source ID 25, lines 277..278, bytes 8134..8190, hits: 0)
- Statement (location: source ID 25, lines 277..278, bytes 8134..8190, hits: 0)
- Line (location: source ID 25, lines 282..285, bytes 8302..8363, hits: 0)
- Branch (branch: 17, path: 0) (location: source ID 25, lines 282..285, bytes 8302..8363, hits: 0)
- Line (location: source ID 25, lines 283..284, bytes 8316..8352, hits: 0)
- Statement (location: source ID 25, lines 283..284, bytes 8316..8352, hits: 0)
- Line (location: source ID 25, lines 285..288, bytes 8422..8496, hits: 0)
- Branch (branch: 18, path: 0) (location: source ID 25, lines 285..288, bytes 8422..8496, hits: 0)
- Line (location: source ID 25, lines 286..287, bytes 8436..8485, hits: 0)
- Statement (location: source ID 25, lines 286..287, bytes 8436..8485, hits: 0)
- Line (location: source ID 25, lines 331..332, bytes 9793..9819, hits: 0)
- Statement (location: source ID 25, lines 331..332, bytes 9793..9819, hits: 0)
- Line (location: source ID 25, lines 344..347, bytes 10100..10202, hits: 0)
- Function "receive" (location: source ID 25, lines 344..347, bytes 10100..10202, hits: 0)
- Line (location: source ID 25, lines 345..346, bytes 10137..10195, hits: 0)
- Statement (location: source ID 25, lines 345..346, bytes 10137..10195, hits: 0)

Anchors for Contract "safeconsole" (solc 0.8.25, source ID 23):

Anchors for Contract "stdStorage" (solc 0.8.25, source ID 9):

Anchors for Contract "StdInvariant" (solc 0.8.25, source ID 6):

Anchors for Contract "MockERC721" (solc 0.8.25, source ID 22):

Anchors for Contract "CommonBase" (solc 0.8.25, source ID 0):

Anchors for Contract "IERC20" (solc 0.8.25, source ID 18):

Anchors for Contract "stdJson" (solc 0.8.25, source ID 7):

Anchors for Contract "stdToml" (solc 0.8.25, source ID 11):

Anchors for Contract "stdError" (solc 0.8.25, source ID 5):

Anchors for Contract "stdStorageSafe" (solc 0.8.25, source ID 9):

Anchors for Contract "ScriptBase" (solc 0.8.25, source ID 0):

Anchors for Contract "TestBase" (solc 0.8.25, source ID 0):

Anchors for Contract "StdChains" (solc 0.8.25, source ID 3):

Anchors for Contract "VmSafe" (solc 0.8.25, source ID 14):

Anchors for Contract "IERC721" (solc 0.8.25, source ID 19):

Anchors for Contract "IMulticall3" (solc 0.8.25, source ID 20):

Anchors for Contract "stdMath" (solc 0.8.25, source ID 8):

Anchors for Contract "StdStyle" (solc 0.8.25, source ID 10):

Anchors for Contract "MockERC20" (solc 0.8.25, source ID 21):

Anchors for Contract "IERC721TokenReceiver" (solc 0.8.25, source ID 19):

Anchors for Contract "IERC165" (solc 0.8.25, source ID 17):

Anchors for Contract "IERC721Metadata" (solc 0.8.25, source ID 19):

Anchors for Contract "StdUtils" (solc 0.8.25, source ID 12):

Anchors for Contract "Script" (solc 0.8.25, source ID 1):

Anchors for Contract "IERC721Enumerable" (solc 0.8.25, source ID 19):

Anchors for Contract "console" (solc 0.8.25, source ID 15):

Anchors for Contract "StdCheats" (solc 0.8.25, source ID 4):

Anchors for Contract "MultiSig" (solc 0.8.25, source ID 25):
- IC 5 -> Item 34
- Runtime code
  - Refers to item: Line (location: source ID 25, lines 86..116, bytes 2343..3281, hits: 31)
- IC 5 -> Item 35
- Runtime code
  - Refers to item: Function "constructor" (location: source ID 25, lines 86..116, bytes 2343..3281, hits: 31)
- IC 50 -> Item 36
- Runtime code
  - Refers to item: Line (location: source ID 25, lines 87..88, bytes 2427..2446, hits: 31)
- IC 50 -> Item 37
- Runtime code
  - Refers to item: Statement (location: source ID 25, lines 87..88, bytes 2427..2446, hits: 31)
- IC 60 -> Item 38
- Runtime code
  - Refers to item: Branch (branch: 4, path: 0) (location: source ID 25, lines 87..91, bytes 2448..2530, hits: 1)
- IC 60 -> Item 39
- Runtime code
  - Refers to item: Line (location: source ID 25, lines 89..90, bytes 2495..2519, hits: 1)
- IC 60 -> Item 40
- Runtime code
  - Refers to item: Statement (location: source ID 25, lines 89..90, bytes 2495..2519, hits: 1)
- IC 110 -> Item 41
- Runtime code
  - Refers to item: Line (location: source ID 25, lines 93..95, bytes 2557..2675, hits: 30)
- IC 110 -> Item 42
- Runtime code
  - Refers to item: Statement (location: source ID 25, lines 93..95, bytes 2557..2675, hits: 30)
- IC 110 -> Item 43
- Runtime code
  - Refers to item: Statement (location: source ID 25, lines 93..94, bytes 2557..2585, hits: 30)
- IC 120 -> Item 44
- Runtime code
  - Refers to item: Line (location: source ID 25, lines 94..95, bytes 2633..2675, hits: 29)
- IC 120 -> Item 45
- Runtime code
  - Refers to item: Statement (location: source ID 25, lines 94..95, bytes 2633..2675, hits: 29)
- IC 130 -> Item 46
- Runtime code
  - Refers to item: Line (location: source ID 25, lines 95..101, bytes 2686..2838, hits: 1)
- IC 130 -> Item 47
- Runtime code
  - Refers to item: Branch (branch: 5, path: 0) (location: source ID 25, lines 95..101, bytes 2686..2838, hits: 1)
- IC 130 -> Item 48
- Runtime code
  - Refers to item: Line (location: source ID 25, lines 96..100, bytes 2700..2827, hits: 1)
- IC 130 -> Item 49
- Runtime code
  - Refers to item: Statement (location: source ID 25, lines 96..100, bytes 2700..2827, hits: 1)
- IC 194 -> Item 50
- Runtime code
  - Refers to item: Line (location: source ID 25, lines 102..103, bytes 2853..2863, hits: 29)
- IC 194 -> Item 51
- Runtime code
  - Refers to item: Statement (location: source ID 25, lines 102..103, bytes 2853..2863, hits: 29)
- IC 196 -> Item 52
- Runtime code
  - Refers to item: Statement (location: source ID 25, lines 102..103, bytes 2865..2884, hits: 138)
- IC 667 -> Item 53
- Runtime code
  - Refers to item: Statement (location: source ID 25, lines 102..103, bytes 2886..2889, hits: 109)
- IC 205 -> Item 54
- Runtime code
  - Refers to item: Line (location: source ID 25, lines 103..104, bytes 2905..2933, hits: 111)
- IC 205 -> Item 55
- Runtime code
  - Refers to item: Statement (location: source ID 25, lines 103..104, bytes 2905..2933, hits: 111)
- IC 235 -> Item 56
- Runtime code
  - Refers to item: Line (location: source ID 25, lines 104..105, bytes 2951..2971, hits: 111)
- IC 235 -> Item 57
- Runtime code
  - Refers to item: Statement (location: source ID 25, lines 104..105, bytes 2951..2971, hits: 111)
- IC 286 -> Item 58
- Runtime code
  - Refers to item: Branch (branch: 6, path: 0) (location: source ID 25, lines 104..107, bytes 2973..3034, hits: 1)
- IC 286 -> Item 59
- Runtime code
  - Refers to item: Line (location: source ID 25, lines 105..106, bytes 2991..3019, hits: 1)
- IC 286 -> Item 60
- Runtime code
  - Refers to item: Statement (location: source ID 25, lines 105..106, bytes 2991..3019, hits: 1)
- IC 426 -> Item 61
- Runtime code
  - Refers to item: Line (location: source ID 25, lines 107..110, bytes 3069..3132, hits: 1)
- IC 426 -> Item 62
- Runtime code
  - Refers to item: Branch (branch: 7, path: 0) (location: source ID 25, lines 107..110, bytes 3069..3132, hits: 1)
- IC 426 -> Item 63
- Runtime code
  - Refers to item: Line (location: source ID 25, lines 108..109, bytes 3087..3117, hits: 1)
- IC 426 -> Item 64
- Runtime code
  - Refers to item: Statement (location: source ID 25, lines 108..109, bytes 3087..3117, hits: 1)
- IC 487 -> Item 65
- Runtime code
  - Refers to item: Line (location: source ID 25, lines 110..111, bytes 3145..3168, hits: 109)
- IC 487 -> Item 66
- Runtime code
  - Refers to item: Statement (location: source ID 25, lines 110..111, bytes 3145..3168, hits: 109)
- IC 571 -> Item 67
- Runtime code
  - Refers to item: Line (location: source ID 25, lines 111..112, bytes 3182..3202, hits: 109)
- IC 571 -> Item 68
- Runtime code
  - Refers to item: Statement (location: source ID 25, lines 111..112, bytes 3182..3202, hits: 109)
- IC 681 -> Item 69
- Runtime code
  - Refers to item: Line (location: source ID 25, lines 114..115, bytes 3223..3274, hits: 27)
- IC 681 -> Item 70
- Runtime code
  - Refers to item: Statement (location: source ID 25, lines 114..115, bytes 3223..3274, hits: 27)
- IC 1308 -> Item 8
- Creation code
  - Refers to item: Line (location: source ID 25, lines 58..64, bytes 1692..1811, hits: 5)
- IC 1308 -> Item 9
- Creation code
  - Refers to item: Function "onlySigner" (location: source ID 25, lines 58..64, bytes 1692..1811, hits: 5)
- IC 1308 -> Item 10
- Creation code
  - Refers to item: Line (location: source ID 25, lines 59..60, bytes 1728..1749, hits: 5)
- IC 1308 -> Item 11
- Creation code
  - Refers to item: Statement (location: source ID 25, lines 59..60, bytes 1728..1749, hits: 5)
- IC 1386 -> Item 12
- Creation code
  - Refers to item: Branch (branch: 0, path: 0) (location: source ID 25, lines 59..62, bytes 1751..1794, hits: 1)
- IC 1386 -> Item 13
- Creation code
  - Refers to item: Line (location: source ID 25, lines 60..61, bytes 1765..1783, hits: 1)
- IC 1386 -> Item 14
- Creation code
  - Refers to item: Statement (location: source ID 25, lines 60..61, bytes 1765..1783, hits: 1)
- IC 1437 -> Item 15
- Creation code
  - Refers to item: Line (location: source ID 25, lines 65..71, bytes 1817..1991, hits: 4)
- IC 1437 -> Item 16
- Creation code
  - Refers to item: Function "txExists" (location: source ID 25, lines 65..71, bytes 1817..1991, hits: 4)
- IC 1437 -> Item 17
- Creation code
  - Refers to item: Line (location: source ID 25, lines 66..67, bytes 1864..1895, hits: 4)
- IC 1437 -> Item 18
- Creation code
  - Refers to item: Statement (location: source ID 25, lines 66..67, bytes 1864..1895, hits: 4)
- IC 1449 -> Item 19
- Creation code
  - Refers to item: Branch (branch: 1, path: 0) (location: source ID 25, lines 66..69, bytes 1897..1974, hits: 1)
- IC 1449 -> Item 20
- Creation code
  - Refers to item: Line (location: source ID 25, lines 67..68, bytes 1911..1963, hits: 1)
- IC 1449 -> Item 21
- Creation code
  - Refers to item: Statement (location: source ID 25, lines 67..68, bytes 1911..1963, hits: 1)
- IC 1518 -> Item 22
- Creation code
  - Refers to item: Line (location: source ID 25, lines 72..78, bytes 1997..2156, hits: 3)
- IC 1518 -> Item 23
- Creation code
  - Refers to item: Function "notExecuted" (location: source ID 25, lines 72..78, bytes 1997..2156, hits: 3)
- IC 1571 -> Item 24
- Creation code
  - Refers to item: Line (location: source ID 25, lines 73..76, bytes 2080..2139, hits: 1)
- IC 1571 -> Item 25
- Creation code
  - Refers to item: Branch (branch: 2, path: 0) (location: source ID 25, lines 73..76, bytes 2080..2139, hits: 1)
- IC 1571 -> Item 26
- Creation code
  - Refers to item: Line (location: source ID 25, lines 74..75, bytes 2094..2128, hits: 1)
- IC 1571 -> Item 27
- Creation code
  - Refers to item: Statement (location: source ID 25, lines 74..75, bytes 2094..2128, hits: 1)
- IC 5365 -> Item 28
- Creation code
  - Refers to item: Line (location: source ID 25, lines 79..85, bytes 2162..2337, hits: 10)
- IC 5365 -> Item 29
- Creation code
  - Refers to item: Function "notConfirmed" (location: source ID 25, lines 79..85, bytes 2162..2337, hits: 10)
- IC 5459 -> Item 30
- Creation code
  - Refers to item: Line (location: source ID 25, lines 80..83, bytes 2248..2320, hits: 1)
- IC 5459 -> Item 31
- Creation code
  - Refers to item: Branch (branch: 3, path: 0) (location: source ID 25, lines 80..83, bytes 2248..2320, hits: 1)
- IC 5459 -> Item 32
- Creation code
  - Refers to item: Line (location: source ID 25, lines 81..82, bytes 2262..2309, hits: 1)
- IC 5459 -> Item 33
- Creation code
  - Refers to item: Statement (location: source ID 25, lines 81..82, bytes 2262..2309, hits: 1)
- IC 1062 -> Item 71
- Creation code
  - Refers to item: Line (location: source ID 25, lines 117..135, bytes 3287..3857, hits: 15)
- IC 1062 -> Item 72
- Creation code
  - Refers to item: Function "submitTransaction" (location: source ID 25, lines 117..135, bytes 3287..3857, hits: 15)
- IC 5910 -> Item 73
- Creation code
  - Refers to item: Line (location: source ID 25, lines 122..123, bytes 3418..3452, hits: 14)
- IC 5910 -> Item 74
- Creation code
  - Refers to item: Statement (location: source ID 25, lines 122..123, bytes 3418..3452, hits: 14)
- IC 5919 -> Item 75
- Creation code
  - Refers to item: Line (location: source ID 25, lines 123..132, bytes 3462..3728, hits: 14)
- IC 5919 -> Item 76
- Creation code
  - Refers to item: Statement (location: source ID 25, lines 123..132, bytes 3462..3728, hits: 14)
- IC 6166 -> Item 77
- Creation code
  - Refers to item: Line (location: source ID 25, lines 132..133, bytes 3738..3777, hits: 14)
- IC 6166 -> Item 78
- Creation code
  - Refers to item: Statement (location: source ID 25, lines 132..133, bytes 3738..3777, hits: 14)
- IC 6266 -> Item 79
- Creation code
  - Refers to item: Line (location: source ID 25, lines 133..134, bytes 3787..3850, hits: 14)
- IC 6266 -> Item 80
- Creation code
  - Refers to item: Statement (location: source ID 25, lines 133..134, bytes 3787..3850, hits: 14)
- IC 1022 -> Item 81
- Creation code
  - Refers to item: Line (location: source ID 25, lines 136..154, bytes 3863..4393, hits: 13)
- IC 1022 -> Item 82
- Creation code
  - Refers to item: Function "confirmTransaction" (location: source ID 25, lines 136..154, bytes 3863..4393, hits: 13)
- IC 5522 -> Item 83
- Creation code
  - Refers to item: Line (location: source ID 25, lines 145..146, bytes 4056..4112, hits: 9)
- IC 5522 -> Item 84
- Creation code
  - Refers to item: Statement (location: source ID 25, lines 145..146, bytes 4056..4112, hits: 9)
- IC 5557 -> Item 85
- Creation code
  - Refers to item: Line (location: source ID 25, lines 146..147, bytes 4122..4155, hits: 9)
- IC 5557 -> Item 86
- Creation code
  - Refers to item: Statement (location: source ID 25, lines 146..147, bytes 4122..4155, hits: 9)
- IC 5584 -> Item 87
- Creation code
  - Refers to item: Line (location: source ID 25, lines 147..148, bytes 4165..4205, hits: 9)
- IC 5584 -> Item 88
- Creation code
  - Refers to item: Statement (location: source ID 25, lines 147..148, bytes 4165..4205, hits: 9)
- IC 5684 -> Item 89
- Creation code
  - Refers to item: Line (location: source ID 25, lines 148..149, bytes 4215..4260, hits: 9)
- IC 5684 -> Item 90
- Creation code
  - Refers to item: Statement (location: source ID 25, lines 148..149, bytes 4215..4260, hits: 9)
- IC 5752 -> Item 91
- Creation code
  - Refers to item: Line (location: source ID 25, lines 150..151, bytes 4275..4331, hits: 9)
- IC 5752 -> Item 92
- Creation code
  - Refers to item: Statement (location: source ID 25, lines 150..151, bytes 4275..4331, hits: 9)
- IC 5765 -> Item 93
- Creation code
  - Refers to item: Branch (branch: 8, path: 0) (location: source ID 25, lines 150..153, bytes 4333..4387, hits: 4)
- IC 5765 -> Item 94
- Creation code
  - Refers to item: Line (location: source ID 25, lines 151..152, bytes 4347..4376, hits: 4)
- IC 5765 -> Item 95
- Creation code
  - Refers to item: Statement (location: source ID 25, lines 151..152, bytes 4347..4376, hits: 4)
- IC 7298 -> Item 96
- Creation code
  - Refers to item: Line (location: source ID 25, lines 155..167, bytes 4399..4805, hits: 4)
- IC 7298 -> Item 97
- Creation code
  - Refers to item: Function "_executeTransaction" (location: source ID 25, lines 155..167, bytes 4399..4805, hits: 4)
- IC 7299 -> Item 98
- Creation code
  - Refers to item: Line (location: source ID 25, lines 156..157, bytes 4461..4517, hits: 4)
- IC 7299 -> Item 99
- Creation code
  - Refers to item: Statement (location: source ID 25, lines 156..157, bytes 4461..4517, hits: 4)
- IC 7334 -> Item 100
- Creation code
  - Refers to item: Line (location: source ID 25, lines 157..158, bytes 4527..4554, hits: 4)
- IC 7334 -> Item 101
- Creation code
  - Refers to item: Statement (location: source ID 25, lines 157..158, bytes 4527..4554, hits: 4)
- IC 7362 -> Item 102
- Creation code
  - Refers to item: Line (location: source ID 25, lines 159..162, bytes 4565..4669, hits: 4)
- IC 7362 -> Item 103
- Creation code
  - Refers to item: Statement (location: source ID 25, lines 159..162, bytes 4565..4669, hits: 4)
- IC 7363 -> Item 104
- Creation code
  - Refers to item: Statement (location: source ID 25, lines 159..162, bytes 4584..4669, hits: 4)
- IC 7509 -> Item 105
- Creation code
  - Refers to item: Line (location: source ID 25, lines 162..163, bytes 4683..4691, hits: 4)
- IC 7509 -> Item 106
- Creation code
  - Refers to item: Statement (location: source ID 25, lines 162..163, bytes 4683..4691, hits: 4)
- IC 7514 -> Item 107
- Creation code
  - Refers to item: Branch (branch: 9, path: 0) (location: source ID 25, lines 162..165, bytes 4693..4744, hits: 1)
- IC 7514 -> Item 108
- Creation code
  - Refers to item: Line (location: source ID 25, lines 163..164, bytes 4707..4733, hits: 1)
- IC 7514 -> Item 109
- Creation code
  - Refers to item: Statement (location: source ID 25, lines 163..164, bytes 4707..4733, hits: 1)
- IC 7564 -> Item 110
- Creation code
  - Refers to item: Line (location: source ID 25, lines 165..166, bytes 4753..4798, hits: 3)
- IC 7564 -> Item 111
- Creation code
  - Refers to item: Statement (location: source ID 25, lines 165..166, bytes 4753..4798, hits: 3)
- IC 468 -> Item 112
- Creation code
  - Refers to item: Line (location: source ID 25, lines 168..182, bytes 4811..5269, hits: 5)
- IC 468 -> Item 113
- Creation code
  - Refers to item: Function "revokeConfirmation" (location: source ID 25, lines 168..182, bytes 4811..5269, hits: 5)
- IC 1632 -> Item 114
- Creation code
  - Refers to item: Line (location: source ID 25, lines 171..172, bytes 4937..4993, hits: 2)
- IC 1632 -> Item 115
- Creation code
  - Refers to item: Statement (location: source ID 25, lines 171..172, bytes 4937..4993, hits: 2)
- IC 1667 -> Item 116
- Creation code
  - Refers to item: Line (location: source ID 25, lines 173..174, bytes 5008..5042, hits: 2)
- IC 1667 -> Item 117
- Creation code
  - Refers to item: Statement (location: source ID 25, lines 173..174, bytes 5008..5042, hits: 2)
- IC 1760 -> Item 118
- Creation code
  - Refers to item: Branch (branch: 10, path: 0) (location: source ID 25, lines 173..176, bytes 5044..5112, hits: 1)
- IC 1760 -> Item 119
- Creation code
  - Refers to item: Line (location: source ID 25, lines 174..175, bytes 5058..5101, hits: 1)
- IC 1760 -> Item 120
- Creation code
  - Refers to item: Statement (location: source ID 25, lines 174..175, bytes 5058..5101, hits: 1)
- IC 1823 -> Item 121
- Creation code
  - Refers to item: Line (location: source ID 25, lines 177..178, bytes 5122..5155, hits: 1)
- IC 1823 -> Item 122
- Creation code
  - Refers to item: Statement (location: source ID 25, lines 177..178, bytes 5122..5155, hits: 1)
- IC 1850 -> Item 123
- Creation code
  - Refers to item: Line (location: source ID 25, lines 178..179, bytes 5165..5206, hits: 1)
- IC 1850 -> Item 124
- Creation code
  - Refers to item: Statement (location: source ID 25, lines 178..179, bytes 5165..5206, hits: 1)
- IC 1949 -> Item 125
- Creation code
  - Refers to item: Line (location: source ID 25, lines 180..181, bytes 5217..5262, hits: 1)
- IC 1949 -> Item 126
- Creation code
  - Refers to item: Statement (location: source ID 25, lines 180..181, bytes 5217..5262, hits: 1)
- IC 876 -> Item 127
- Creation code
  - Refers to item: Line (location: source ID 25, lines 183..186, bytes 5275..5367, hits: 2)
- IC 876 -> Item 128
- Creation code
  - Refers to item: Function "getSigners" (location: source ID 25, lines 183..186, bytes 5275..5367, hits: 2)
- IC 3491 -> Item 129
- Creation code
  - Refers to item: Line (location: source ID 25, lines 184..185, bytes 5346..5360, hits: 2)
- IC 3491 -> Item 130
- Creation code
  - Refers to item: Statement (location: source ID 25, lines 184..185, bytes 5346..5360, hits: 2)
- IC 508 -> Item 131
- Creation code
  - Refers to item: Line (location: source ID 25, lines 187..190, bytes 5373..5474, hits: 6)
- IC 508 -> Item 132
- Creation code
  - Refers to item: Function "getTransactionCount" (location: source ID 25, lines 187..190, bytes 5373..5474, hits: 6)
- IC 2024 -> Item 133
- Creation code
  - Refers to item: Line (location: source ID 25, lines 188..189, bytes 5441..5467, hits: 6)
- IC 2024 -> Item 134
- Creation code
  - Refers to item: Statement (location: source ID 25, lines 188..189, bytes 5441..5467, hits: 6)
- IC 550 -> Item 135
- Creation code
  - Refers to item: Line (location: source ID 25, lines 191..213, bytes 5480..5998, hits: 4)
- IC 550 -> Item 136
- Creation code
  - Refers to item: Function "getTransaction" (location: source ID 25, lines 191..213, bytes 5480..5998, hits: 4)
- IC 2041 -> Item 137
- Creation code
  - Refers to item: Line (location: source ID 25, lines 204..205, bytes 5743..5799, hits: 4)
- IC 2041 -> Item 138
- Creation code
  - Refers to item: Statement (location: source ID 25, lines 204..205, bytes 5743..5799, hits: 4)
- IC 2076 -> Item 139
- Creation code
  - Refers to item: Line (location: source ID 25, lines 205..212, bytes 5809..5991, hits: 4)
- IC 2076 -> Item 140
- Creation code
  - Refers to item: Statement (location: source ID 25, lines 205..212, bytes 5809..5991, hits: 4)
- IC 982 -> Item 141
- Creation code
  - Refers to item: Line (location: source ID 25, lines 234..274, bytes 6749..7998, hits: 7)
- IC 982 -> Item 142
- Creation code
  - Refers to item: Function "submitSignerRequest" (location: source ID 25, lines 234..274, bytes 6749..7998, hits: 7)
- IC 3997 -> Item 143
- Creation code
  - Refers to item: Line (location: source ID 25, lines 238..239, bytes 6870..6894, hits: 6)
- IC 3997 -> Item 144
- Creation code
  - Refers to item: Statement (location: source ID 25, lines 238..239, bytes 6870..6894, hits: 6)
- IC 4048 -> Item 145
- Creation code
  - Refers to item: Branch (branch: 11, path: 0) (location: source ID 25, lines 238..241, bytes 6896..6953, hits: 1)
- IC 4048 -> Item 146
- Creation code
  - Refers to item: Line (location: source ID 25, lines 239..240, bytes 6910..6942, hits: 1)
- IC 4048 -> Item 147
- Creation code
  - Refers to item: Statement (location: source ID 25, lines 239..240, bytes 6910..6942, hits: 1)
- IC 4109 -> Item 148
- Creation code
  - Refers to item: Line (location: source ID 25, lines 242..243, bytes 6963..7001, hits: 5)
- IC 4109 -> Item 149
- Creation code
  - Refers to item: Statement (location: source ID 25, lines 242..243, bytes 6963..7001, hits: 5)
- IC 4124 -> Item 150
- Creation code
  - Refers to item: Line (location: source ID 25, lines 243..256, bytes 7028..7402, hits: 4)
- IC 4124 -> Item 151
- Creation code
  - Refers to item: Branch (branch: 12, path: 0) (location: source ID 25, lines 243..256, bytes 7028..7402, hits: 4)
- IC 4734 -> Item 152
- Creation code
  - Refers to item: Branch (branch: 12, path: 1) (location: source ID 25, lines 243..270, bytes 7011..7911, hits: 1)
- IC 4203 -> Item 153
- Creation code
  - Refers to item: Line (location: source ID 25, lines 244..247, bytes 7068..7134, hits: 1)
- IC 4203 -> Item 154
- Creation code
  - Refers to item: Branch (branch: 13, path: 0) (location: source ID 25, lines 244..247, bytes 7068..7134, hits: 1)
- IC 4203 -> Item 155
- Creation code
  - Refers to item: Line (location: source ID 25, lines 245..246, bytes 7086..7119, hits: 1)
- IC 4203 -> Item 156
- Creation code
  - Refers to item: Statement (location: source ID 25, lines 245..246, bytes 7086..7119, hits: 1)
- IC 4264 -> Item 157
- Creation code
  - Refers to item: Line (location: source ID 25, lines 247..255, bytes 7147..7391, hits: 3)
- IC 4264 -> Item 158
- Creation code
  - Refers to item: Statement (location: source ID 25, lines 247..255, bytes 7147..7391, hits: 3)
- IC 4513 -> Item 159
- Creation code
  - Refers to item: Line (location: source ID 25, lines 256..257, bytes 7426..7463, hits: 1)
- IC 4513 -> Item 160
- Creation code
  - Refers to item: Statement (location: source ID 25, lines 256..257, bytes 7426..7463, hits: 1)
- IC 4513 -> Item 161
- Creation code
  - Refers to item: Statement (location: source ID 25, lines 256..257, bytes 7426..7447, hits: 1)
- IC 4595 -> Item 162
- Creation code
  - Refers to item: Statement (location: source ID 25, lines 256..257, bytes 7451..7463, hits: 0)
- IC 4603 -> Item 163
- Creation code
  - Refers to item: Branch (branch: 14, path: 0) (location: source ID 25, lines 256..259, bytes 7465..7530, hits: 0)
- IC 4603 -> Item 164
- Creation code
  - Refers to item: Line (location: source ID 25, lines 257..258, bytes 7483..7515, hits: 0)
- IC 4603 -> Item 165
- Creation code
  - Refers to item: Statement (location: source ID 25, lines 257..258, bytes 7483..7515, hits: 0)
- IC 4664 -> Item 166
- Creation code
  - Refers to item: Line (location: source ID 25, lines 259..260, bytes 7547..7566, hits: 1)
- IC 4664 -> Item 167
- Creation code
  - Refers to item: Statement (location: source ID 25, lines 259..260, bytes 7547..7566, hits: 1)
- IC 4676 -> Item 168
- Creation code
  - Refers to item: Branch (branch: 15, path: 0) (location: source ID 25, lines 259..262, bytes 7568..7659, hits: 0)
- IC 4676 -> Item 169
- Creation code
  - Refers to item: Line (location: source ID 25, lines 260..261, bytes 7586..7644, hits: 0)
- IC 4676 -> Item 170
- Creation code
  - Refers to item: Statement (location: source ID 25, lines 260..261, bytes 7586..7644, hits: 0)
- IC 4735 -> Item 171
- Creation code
  - Refers to item: Line (location: source ID 25, lines 262..270, bytes 7672..7917, hits: 1)
- IC 4735 -> Item 172
- Creation code
  - Refers to item: Statement (location: source ID 25, lines 262..270, bytes 7672..7917, hits: 1)
- IC 4979 -> Item 173
- Creation code
  - Refers to item: Line (location: source ID 25, lines 272..273, bytes 7938..7991, hits: 4)
- IC 4979 -> Item 174
- Creation code
  - Refers to item: Statement (location: source ID 25, lines 272..273, bytes 7938..7991, hits: 4)
- IC 674 -> Item 175
- Creation code
  - Refers to item: Line (location: source ID 25, lines 275..302, bytes 8004..8926, hits: 5)
- IC 674 -> Item 176
- Creation code
  - Refers to item: Function "confirmSignerRequest" (location: source ID 25, lines 275..302, bytes 8004..8926, hits: 5)
- IC 2633 -> Item 177
- Creation code
  - Refers to item: Line (location: source ID 25, lines 276..277, bytes 8083..8118, hits: 5)
- IC 2633 -> Item 178
- Creation code
  - Refers to item: Statement (location: source ID 25, lines 276..277, bytes 8083..8118, hits: 5)
- IC 2645 -> Item 179
- Creation code
  - Refers to item: Branch (branch: 16, path: 0) (location: source ID 25, lines 276..279, bytes 8120..8201, hits: 0)
- IC 2645 -> Item 180
- Creation code
  - Refers to item: Line (location: source ID 25, lines 277..278, bytes 8134..8190, hits: 0)
- IC 2645 -> Item 181
- Creation code
  - Refers to item: Statement (location: source ID 25, lines 277..278, bytes 8134..8190, hits: 0)
- IC 2713 -> Item 182
- Creation code
  - Refers to item: Line (location: source ID 25, lines 280..281, bytes 8211..8269, hits: 5)
- IC 2713 -> Item 183
- Creation code
  - Refers to item: Statement (location: source ID 25, lines 280..281, bytes 8211..8269, hits: 5)
- IC 2770 -> Item 184
- Creation code
  - Refers to item: Line (location: source ID 25, lines 282..285, bytes 8302..8363, hits: 0)
- IC 2770 -> Item 185
- Creation code
  - Refers to item: Branch (branch: 17, path: 0) (location: source ID 25, lines 282..285, bytes 8302..8363, hits: 0)
- IC 2770 -> Item 186
- Creation code
  - Refers to item: Line (location: source ID 25, lines 283..284, bytes 8316..8352, hits: 0)
- IC 2770 -> Item 187
- Creation code
  - Refers to item: Statement (location: source ID 25, lines 283..284, bytes 8316..8352, hits: 0)
- IC 2925 -> Item 188
- Creation code
  - Refers to item: Line (location: source ID 25, lines 285..288, bytes 8422..8496, hits: 0)
- IC 2925 -> Item 189
- Creation code
  - Refers to item: Branch (branch: 18, path: 0) (location: source ID 25, lines 285..288, bytes 8422..8496, hits: 0)
- IC 2925 -> Item 190
- Creation code
  - Refers to item: Line (location: source ID 25, lines 286..287, bytes 8436..8485, hits: 0)
- IC 2925 -> Item 191
- Creation code
  - Refers to item: Statement (location: source ID 25, lines 286..287, bytes 8436..8485, hits: 0)
- IC 2988 -> Item 192
- Creation code
  - Refers to item: Line (location: source ID 25, lines 289..290, bytes 8506..8557, hits: 5)
- IC 2988 -> Item 193
- Creation code
  - Refers to item: Statement (location: source ID 25, lines 289..290, bytes 8506..8557, hits: 5)
- IC 3088 -> Item 194
- Creation code
  - Refers to item: Line (location: source ID 25, lines 290..291, bytes 8567..8596, hits: 5)
- IC 3088 -> Item 195
- Creation code
  - Refers to item: Statement (location: source ID 25, lines 290..291, bytes 8567..8596, hits: 5)
- IC 3115 -> Item 196
- Creation code
  - Refers to item: Line (location: source ID 25, lines 292..293, bytes 8607..8661, hits: 5)
- IC 3115 -> Item 197
- Creation code
  - Refers to item: Statement (location: source ID 25, lines 292..293, bytes 8607..8661, hits: 5)
- IC 3183 -> Item 198
- Creation code
  - Refers to item: Line (location: source ID 25, lines 294..295, bytes 8676..8728, hits: 5)
- IC 3183 -> Item 199
- Creation code
  - Refers to item: Statement (location: source ID 25, lines 294..295, bytes 8676..8728, hits: 5)
- IC 3196 -> Item 200
- Creation code
  - Refers to item: Branch (branch: 19, path: 0) (location: source ID 25, lines 294..301, bytes 8730..8920, hits: 2)
- IC 3219 -> Item 201
- Creation code
  - Refers to item: Line (location: source ID 25, lines 295..298, bytes 8769..8835, hits: 1)
- IC 3219 -> Item 202
- Creation code
  - Refers to item: Branch (branch: 20, path: 0) (location: source ID 25, lines 295..298, bytes 8769..8835, hits: 1)
- IC 3232 -> Item 203
- Creation code
  - Refers to item: Branch (branch: 20, path: 1) (location: source ID 25, lines 295..299, bytes 8744..8885, hits: 1)
- IC 3219 -> Item 204
- Creation code
  - Refers to item: Line (location: source ID 25, lines 296..297, bytes 8787..8820, hits: 1)
- IC 3219 -> Item 205
- Creation code
  - Refers to item: Statement (location: source ID 25, lines 296..297, bytes 8787..8820, hits: 1)
- IC 3233 -> Item 206
- Creation code
  - Refers to item: Line (location: source ID 25, lines 298..299, bytes 8859..8895, hits: 1)
- IC 3233 -> Item 207
- Creation code
  - Refers to item: Statement (location: source ID 25, lines 298..299, bytes 8859..8895, hits: 1)
- IC 6496 -> Item 208
- Creation code
  - Refers to item: Line (location: source ID 25, lines 303..311, bytes 8932..9190, hits: 1)
- IC 6496 -> Item 209
- Creation code
  - Refers to item: Function "_executeAddSignerRequest" (location: source ID 25, lines 303..311, bytes 8932..9190, hits: 1)
- IC 6497 -> Item 210
- Creation code
  - Refers to item: Line (location: source ID 25, lines 304..305, bytes 9015..9049, hits: 1)
- IC 6497 -> Item 211
- Creation code
  - Refers to item: Statement (location: source ID 25, lines 304..305, bytes 9015..9049, hits: 1)
- IC 6615 -> Item 212
- Creation code
  - Refers to item: Line (location: source ID 25, lines 305..306, bytes 9059..9090, hits: 1)
- IC 6615 -> Item 213
- Creation code
  - Refers to item: Statement (location: source ID 25, lines 305..306, bytes 9059..9090, hits: 1)
- IC 6744 -> Item 214
- Creation code
  - Refers to item: Line (location: source ID 25, lines 307..308, bytes 9101..9124, hits: 1)
- IC 6744 -> Item 215
- Creation code
  - Refers to item: Statement (location: source ID 25, lines 307..308, bytes 9101..9124, hits: 1)
- IC 6772 -> Item 216
- Creation code
  - Refers to item: Line (location: source ID 25, lines 309..310, bytes 9135..9183, hits: 1)
- IC 6772 -> Item 217
- Creation code
  - Refers to item: Statement (location: source ID 25, lines 309..310, bytes 9135..9183, hits: 1)
- IC 6875 -> Item 218
- Creation code
  - Refers to item: Line (location: source ID 25, lines 312..324, bytes 9196..9565, hits: 1)
- IC 6875 -> Item 219
- Creation code
  - Refers to item: Function "_executeRevokeSignerRequest" (location: source ID 25, lines 312..324, bytes 9196..9565, hits: 1)
- IC 6876 -> Item 220
- Creation code
  - Refers to item: Line (location: source ID 25, lines 313..314, bytes 9281..9332, hits: 1)
- IC 6876 -> Item 221
- Creation code
  - Refers to item: Statement (location: source ID 25, lines 313..314, bytes 9281..9332, hits: 1)
- IC 6877 -> Item 222
- Creation code
  - Refers to item: Statement (location: source ID 25, lines 313..314, bytes 9300..9332, hits: 1)
- IC 6891 -> Item 223
- Creation code
  - Refers to item: Line (location: source ID 25, lines 315..316, bytes 9343..9393, hits: 1)
- IC 6891 -> Item 224
- Creation code
  - Refers to item: Statement (location: source ID 25, lines 315..316, bytes 9343..9393, hits: 1)
- IC 7054 -> Item 225
- Creation code
  - Refers to item: Line (location: source ID 25, lines 316..317, bytes 9403..9416, hits: 1)
- IC 7054 -> Item 226
- Creation code
  - Refers to item: Statement (location: source ID 25, lines 316..317, bytes 9403..9416, hits: 1)
- IC 7121 -> Item 227
- Creation code
  - Refers to item: Line (location: source ID 25, lines 318..319, bytes 9427..9462, hits: 1)
- IC 7121 -> Item 228
- Creation code
  - Refers to item: Statement (location: source ID 25, lines 318..319, bytes 9427..9462, hits: 1)
- IC 7208 -> Item 229
- Creation code
  - Refers to item: Line (location: source ID 25, lines 320..321, bytes 9473..9496, hits: 1)
- IC 7208 -> Item 230
- Creation code
  - Refers to item: Statement (location: source ID 25, lines 320..321, bytes 9473..9496, hits: 1)
- IC 7225 -> Item 231
- Creation code
  - Refers to item: Line (location: source ID 25, lines 322..323, bytes 9507..9558, hits: 1)
- IC 7225 -> Item 232
- Creation code
  - Refers to item: Statement (location: source ID 25, lines 322..323, bytes 9507..9558, hits: 1)
- IC 7636 -> Item 233
- Creation code
  - Refers to item: Line (location: source ID 25, lines 325..333, bytes 9571..9826, hits: 1)
- IC 7636 -> Item 234
- Creation code
  - Refers to item: Function "signerIndexOf" (location: source ID 25, lines 325..333, bytes 9571..9826, hits: 1)
- IC 7638 -> Item 235
- Creation code
  - Refers to item: Line (location: source ID 25, lines 326..327, bytes 9655..9665, hits: 1)
- IC 7638 -> Item 236
- Creation code
  - Refers to item: Statement (location: source ID 25, lines 326..327, bytes 9655..9665, hits: 1)
- IC 7643 -> Item 237
- Creation code
  - Refers to item: Statement (location: source ID 25, lines 326..327, bytes 9667..9685, hits: 4)
- IC 7773 -> Item 238
- Creation code
  - Refers to item: Statement (location: source ID 25, lines 326..327, bytes 9687..9690, hits: 3)
- IC 7655 -> Item 239
- Creation code
  - Refers to item: Line (location: source ID 25, lines 327..328, bytes 9710..9731, hits: 4)
- IC 7655 -> Item 240
- Creation code
  - Refers to item: Statement (location: source ID 25, lines 327..328, bytes 9710..9731, hits: 4)
- IC 7764 -> Item 241
- Creation code
  - Refers to item: Branch (branch: 21, path: 0) (location: source ID 25, lines 327..330, bytes 9733..9774, hits: 1)
- IC 7764 -> Item 242
- Creation code
  - Refers to item: Line (location: source ID 25, lines 328..329, bytes 9751..9759, hits: 1)
- IC 7764 -> Item 243
- Creation code
  - Refers to item: Statement (location: source ID 25, lines 328..329, bytes 9751..9759, hits: 1)
- IC 7787 -> Item 244
- Creation code
  - Refers to item: Line (location: source ID 25, lines 331..332, bytes 9793..9819, hits: 0)
- IC 7787 -> Item 245
- Creation code
  - Refers to item: Statement (location: source ID 25, lines 331..332, bytes 9793..9819, hits: 0)
- IC 714 -> Item 246
- Creation code
  - Refers to item: Line (location: source ID 25, lines 334..337, bytes 9832..9938, hits: 1)
- IC 714 -> Item 247
- Creation code
  - Refers to item: Function "getSignerRequestsCount" (location: source ID 25, lines 334..337, bytes 9832..9938, hits: 1)
- IC 3407 -> Item 248
- Creation code
  - Refers to item: Line (location: source ID 25, lines 335..336, bytes 9903..9931, hits: 1)
- IC 3407 -> Item 249
- Creation code
  - Refers to item: Statement (location: source ID 25, lines 335..336, bytes 9903..9931, hits: 1)
- IC 614 -> Item 250
- Creation code
  - Refers to item: Line (location: source ID 25, lines 338..343, bytes 9944..10094, hits: 3)
- IC 614 -> Item 251
- Creation code
  - Refers to item: Function "getSignerRequest" (location: source ID 25, lines 338..343, bytes 9944..10094, hits: 3)
- IC 2308 -> Item 252
- Creation code
  - Refers to item: Line (location: source ID 25, lines 341..342, bytes 10054..10087, hits: 3)
- IC 2308 -> Item 253
- Creation code
  - Refers to item: Statement (location: source ID 25, lines 341..342, bytes 10054..10087, hits: 3)
- IC 263 -> Item 254
- Creation code
  - Refers to item: Line (location: source ID 25, lines 344..347, bytes 10100..10202, hits: 0)
- IC 263 -> Item 255
- Creation code
  - Refers to item: Function "receive" (location: source ID 25, lines 344..347, bytes 10100..10202, hits: 0)
- IC 263 -> Item 256
- Creation code
  - Refers to item: Line (location: source ID 25, lines 345..346, bytes 10137..10195, hits: 0)
- IC 263 -> Item 257
- Creation code
  - Refers to item: Statement (location: source ID 25, lines 345..346, bytes 10137..10195, hits: 0)

Anchors for Contract "MultiSigTest" (solc 0.8.25, source ID 26):

Anchors for Contract "CounterScript" (solc 0.8.25, source ID 24):
- IC 78 -> Item 0
- Creation code
  - Refers to item: Line (location: source ID 24, lines 10..11, bytes 236..262, hits: 0)
- IC 78 -> Item 1
- Creation code
  - Refers to item: Function "setUp" (location: source ID 24, lines 10..11, bytes 236..262, hits: 0)
- IC 118 -> Item 2
- Creation code
  - Refers to item: Line (location: source ID 24, lines 12..19, bytes 268..394, hits: 0)
- IC 118 -> Item 3
- Creation code
  - Refers to item: Function "run" (location: source ID 24, lines 12..19, bytes 268..394, hits: 0)
- IC 234 -> Item 4
- Creation code
  - Refers to item: Line (location: source ID 24, lines 13..14, bytes 300..319, hits: 0)
- IC 234 -> Item 5
- Creation code
  - Refers to item: Statement (location: source ID 24, lines 13..14, bytes 300..319, hits: 0)
- IC 359 -> Item 6
- Creation code
  - Refers to item: Line (location: source ID 24, lines 17..18, bytes 369..387, hits: 0)
- IC 359 -> Item 7
- Creation code
  - Refers to item: Statement (location: source ID 24, lines 17..18, bytes 369..387, hits: 0)

Anchors for Contract "Vm" (solc 0.8.25, source ID 14):

Anchors for Contract "Test" (solc 0.8.25, source ID 13):

Anchors for Contract "StdAssertions" (solc 0.8.25, source ID 2):

Anchors for Contract "StdCheatsSafe" (solc 0.8.25, source ID 4):

